<?xml version="1.0" encoding="UTF-8"?>
<testsuite name="C:/Users/cci/IdeaProjects/APIAutomationRAFramework/src/test/java/org/example/tests/crud/TCCreateBooking.java"
           tests="1"
           failures="0"
           errors="0"
           skipped="0"
           time="4.178">
    <properties></properties>



            <testcase
                name="testcreatebooking"
                time="4.178"
                classname="org.example.tests.crud.TCCreateBooking">
            </testcase>
</testsuite>
